<?xml version="1.0" encoding="UTF-8"?>
<testng-results ignored="0" total="5" passed="5" failed="0" skipped="0">
  <reporter-output>
  </reporter-output>
  <suite started-at="2022-06-01T18:33:45 IST" name="Default suite" finished-at="2022-06-01T18:34:31 IST" duration-ms="45804">
    <groups>
    </groups>
    <test started-at="2022-06-01T18:33:45 IST" name="Default test" finished-at="2022-06-01T18:34:31 IST" duration-ms="45804">
      <class name="test.TestClass1">
        <test-method is-config="true" signature="launchBrowser()[pri:0, instance:test.TestClass1@36c88a32]" started-at="2022-06-01T18:33:45 IST" name="launchBrowser" finished-at="2022-06-01T18:34:01 IST" duration-ms="15859" status="PASS">
          <reporter-output>
          </reporter-output>
        </test-method> <!-- launchBrowser -->
        <test-method signature="testA()[pri:0, instance:test.TestClass1@36c88a32]" started-at="2022-06-01T18:34:01 IST" name="testA" finished-at="2022-06-01T18:34:01 IST" duration-ms="22" status="PASS">
          <reporter-output>
          </reporter-output>
        </test-method> <!-- testA -->
        <test-method is-config="true" signature="quit()[pri:0, instance:test.TestClass1@36c88a32]" started-at="2022-06-01T18:34:01 IST" name="quit" finished-at="2022-06-01T18:34:02 IST" duration-ms="1088" status="PASS">
          <reporter-output>
          </reporter-output>
        </test-method> <!-- quit -->
        <test-method is-config="true" signature="launchBrowser()[pri:0, instance:test.TestClass1@36c88a32]" started-at="2022-06-01T18:34:02 IST" name="launchBrowser" finished-at="2022-06-01T18:34:07 IST" duration-ms="5460" status="PASS">
          <reporter-output>
          </reporter-output>
        </test-method> <!-- launchBrowser -->
        <test-method signature="testB()[pri:0, instance:test.TestClass1@36c88a32]" started-at="2022-06-01T18:34:07 IST" name="testB" finished-at="2022-06-01T18:34:07 IST" duration-ms="4" status="PASS">
          <reporter-output>
          </reporter-output>
        </test-method> <!-- testB -->
        <test-method is-config="true" signature="quit()[pri:0, instance:test.TestClass1@36c88a32]" started-at="2022-06-01T18:34:07 IST" name="quit" finished-at="2022-06-01T18:34:08 IST" duration-ms="370" status="PASS">
          <reporter-output>
          </reporter-output>
        </test-method> <!-- quit -->
        <test-method is-config="true" signature="launchBrowser()[pri:0, instance:test.TestClass1@36c88a32]" started-at="2022-06-01T18:34:08 IST" name="launchBrowser" finished-at="2022-06-01T18:34:12 IST" duration-ms="3804" status="PASS">
          <reporter-output>
          </reporter-output>
        </test-method> <!-- launchBrowser -->
        <test-method signature="testC()[pri:0, instance:test.TestClass1@36c88a32]" started-at="2022-06-01T18:34:12 IST" name="testC" finished-at="2022-06-01T18:34:12 IST" duration-ms="3" status="PASS">
          <reporter-output>
          </reporter-output>
        </test-method> <!-- testC -->
        <test-method is-config="true" signature="quit()[pri:0, instance:test.TestClass1@36c88a32]" started-at="2022-06-01T18:34:12 IST" name="quit" finished-at="2022-06-01T18:34:12 IST" duration-ms="506" status="PASS">
          <reporter-output>
          </reporter-output>
        </test-method> <!-- quit -->
        <test-method is-config="true" signature="launchBrowser()[pri:0, instance:test.TestClass1@36c88a32]" started-at="2022-06-01T18:34:12 IST" name="launchBrowser" finished-at="2022-06-01T18:34:16 IST" duration-ms="4180" status="PASS">
          <reporter-output>
          </reporter-output>
        </test-method> <!-- launchBrowser -->
        <test-method signature="verifyTitle()[pri:0, instance:test.TestClass1@36c88a32]" started-at="2022-06-01T18:34:16 IST" name="verifyTitle" finished-at="2022-06-01T18:34:22 IST" duration-ms="6104" status="PASS">
          <reporter-output>
          </reporter-output>
        </test-method> <!-- verifyTitle -->
        <test-method is-config="true" signature="quit()[pri:0, instance:test.TestClass1@36c88a32]" started-at="2022-06-01T18:34:22 IST" name="quit" finished-at="2022-06-01T18:34:23 IST" duration-ms="825" status="PASS">
          <reporter-output>
          </reporter-output>
        </test-method> <!-- quit -->
        <test-method is-config="true" signature="launchBrowser()[pri:0, instance:test.TestClass1@36c88a32]" started-at="2022-06-01T18:34:23 IST" name="launchBrowser" finished-at="2022-06-01T18:34:30 IST" duration-ms="6954" status="PASS">
          <reporter-output>
          </reporter-output>
        </test-method> <!-- launchBrowser -->
        <test-method signature="testD()[pri:1, instance:test.TestClass1@36c88a32]" started-at="2022-06-01T18:34:30 IST" name="testD" finished-at="2022-06-01T18:34:30 IST" duration-ms="4" status="PASS">
          <reporter-output>
          </reporter-output>
        </test-method> <!-- testD -->
        <test-method is-config="true" signature="quit()[pri:0, instance:test.TestClass1@36c88a32]" started-at="2022-06-01T18:34:30 IST" name="quit" finished-at="2022-06-01T18:34:31 IST" duration-ms="519" status="PASS">
          <reporter-output>
          </reporter-output>
        </test-method> <!-- quit -->
      </class> <!-- test.TestClass1 -->
    </test> <!-- Default test -->
  </suite> <!-- Default suite -->
</testng-results>
