<?xml version="1.0" encoding="UTF-8"?>
<!-- Generated by org.testng.reporters.JUnitXMLReporter -->
<testsuite ignored="0" hostname="LAPTOP-A9LN1SJK" failures="0" tests="5" name="Default test" time="45.804" errors="0" timestamp="2022-06-01T18:34:31 IST">
  <testcase classname="test.TestClass1" name="testA" time="0.022"/>
  <testcase classname="test.TestClass1" name="testB" time="0.004"/>
  <testcase classname="test.TestClass1" name="testC" time="0.003"/>
  <testcase classname="test.TestClass1" name="verifyTitle" time="6.104"/>
  <testcase classname="test.TestClass1" name="testD" time="0.004"/>
</testsuite> <!-- Default test -->
