<?xml version="1.0" encoding="UTF-8"?>
<!-- Generated by org.testng.reporters.JUnitXMLReporter -->
<testsuite ignored="0" hostname="LAPTOP-A9LN1SJK" failures="0" tests="5" name="TestClass1" time="0.176" errors="0" timestamp="2022-06-01T18:32:36 IST">
  <testcase classname="test.TestClass1" name="@BeforeMethod launchBrowser" time="-1.654088556415E9">
    <failure type="org.testng.TestNGException" message="
Can inject only one of &amp;lt;ITestContext, XmlTest, Method, Object[], ITestResult&amp;gt; into a @BeforeMethod annotated launchBrowser.
For more information on native dependency injection please refer to https://testng.org/doc/documentation-main.html#native-dependency-injection">
      <![CDATA[org.testng.TestNGException: 
Can inject only one of <ITestContext, XmlTest, Method, Object[], ITestResult> into a @BeforeMethod annotated launchBrowser.
For more information on native dependency injection please refer to https://testng.org/doc/documentation-main.html#native-dependency-injection
at java.base/java.util.ArrayList.forEach(ArrayList.java:1511)
... Removed 28 stack frames]]>
    </failure>
  </testcase> <!-- @BeforeMethod launchBrowser -->
  <testcase classname="test.TestClass1" name="@AfterMethod quit" time="-1.654088556455E9">
    <skipped/>
  </testcase> <!-- @AfterMethod quit -->
  <testcase classname="test.TestClass1" name="@BeforeMethod launchBrowser" time="-1.654088556461E9">
    <skipped/>
  </testcase> <!-- @BeforeMethod launchBrowser -->
  <testcase classname="test.TestClass1" name="@AfterMethod quit" time="-1.65408855647E9">
    <skipped/>
  </testcase> <!-- @AfterMethod quit -->
  <testcase classname="test.TestClass1" name="@BeforeMethod launchBrowser" time="-1.654088556474E9">
    <skipped/>
  </testcase> <!-- @BeforeMethod launchBrowser -->
  <testcase classname="test.TestClass1" name="@AfterMethod quit" time="-1.654088556489E9">
    <skipped/>
  </testcase> <!-- @AfterMethod quit -->
  <testcase classname="test.TestClass1" name="@BeforeMethod launchBrowser" time="-1.654088556495E9">
    <skipped/>
  </testcase> <!-- @BeforeMethod launchBrowser -->
  <testcase classname="test.TestClass1" name="@AfterMethod quit" time="-1.65408855651E9">
    <skipped/>
  </testcase> <!-- @AfterMethod quit -->
  <testcase classname="test.TestClass1" name="@BeforeMethod launchBrowser" time="-1.654088556514E9">
    <skipped/>
  </testcase> <!-- @BeforeMethod launchBrowser -->
  <testcase classname="test.TestClass1" name="@AfterMethod quit" time="-1.654088556533E9">
    <skipped/>
  </testcase> <!-- @AfterMethod quit -->
  <testcase classname="test.TestClass1" name="testA" time="0.0">
    <skipped/>
  </testcase> <!-- testA -->
  <testcase classname="test.TestClass1" name="testB" time="0.0">
    <skipped/>
  </testcase> <!-- testB -->
  <testcase classname="test.TestClass1" name="testC" time="0.0">
    <skipped/>
  </testcase> <!-- testC -->
  <testcase classname="test.TestClass1" name="verifyTitle" time="0.0">
    <skipped/>
  </testcase> <!-- verifyTitle -->
  <testcase classname="test.TestClass1" name="testD" time="0.0">
    <skipped/>
  </testcase> <!-- testD -->
</testsuite> <!-- TestClass1 -->
