<?xml version="1.0" encoding="UTF-8"?>
<!-- Generated by org.testng.reporters.JUnitXMLReporter -->
<testsuite ignored="0" hostname="LAPTOP-A9LN1SJK" failures="0" tests="5" name="TestOnChrome" time="0.159" errors="0" timestamp="2022-06-01T18:26:23 IST">
  <testcase classname="test.TestClass1" name="@BeforeMethod launchBrowser" time="-1.654088183108E9">
    <failure type="org.testng.TestNGException" message="
Can inject only one of &amp;lt;ITestContext, XmlTest, Method, Object[], ITestResult&amp;gt; into a @BeforeMethod annotated launchBrowser.
For more information on native dependency injection please refer to https://testng.org/doc/documentation-main.html#native-dependency-injection">
      <![CDATA[org.testng.TestNGException: 
Can inject only one of <ITestContext, XmlTest, Method, Object[], ITestResult> into a @BeforeMethod annotated launchBrowser.
For more information on native dependency injection please refer to https://testng.org/doc/documentation-main.html#native-dependency-injection
at java.base/java.util.ArrayList.forEach(ArrayList.java:1511)
... Removed 28 stack frames]]>
    </failure>
  </testcase> <!-- @BeforeMethod launchBrowser -->
  <testcase classname="test.TestClass1" name="@AfterMethod quit" time="-1.654088183148E9">
    <skipped/>
  </testcase> <!-- @AfterMethod quit -->
  <testcase classname="test.TestClass1" name="@BeforeMethod launchBrowser" time="-1.654088183155E9">
    <skipped/>
  </testcase> <!-- @BeforeMethod launchBrowser -->
  <testcase classname="test.TestClass1" name="@AfterMethod quit" time="-1.654088183165E9">
    <skipped/>
  </testcase> <!-- @AfterMethod quit -->
  <testcase classname="test.TestClass1" name="@BeforeMethod launchBrowser" time="-1.654088183168E9">
    <skipped/>
  </testcase> <!-- @BeforeMethod launchBrowser -->
  <testcase classname="test.TestClass1" name="@AfterMethod quit" time="-1.654088183181E9">
    <skipped/>
  </testcase> <!-- @AfterMethod quit -->
  <testcase classname="test.TestClass1" name="@BeforeMethod launchBrowser" time="-1.654088183188E9">
    <skipped/>
  </testcase> <!-- @BeforeMethod launchBrowser -->
  <testcase classname="test.TestClass1" name="@AfterMethod quit" time="-1.654088183201E9">
    <skipped/>
  </testcase> <!-- @AfterMethod quit -->
  <testcase classname="test.TestClass1" name="@BeforeMethod launchBrowser" time="-1.654088183205E9">
    <skipped/>
  </testcase> <!-- @BeforeMethod launchBrowser -->
  <testcase classname="test.TestClass1" name="@AfterMethod quit" time="-1.654088183216E9">
    <skipped/>
  </testcase> <!-- @AfterMethod quit -->
  <testcase classname="test.TestClass1" name="testA" time="0.0">
    <skipped/>
  </testcase> <!-- testA -->
  <testcase classname="test.TestClass1" name="testB" time="0.0">
    <skipped/>
  </testcase> <!-- testB -->
  <testcase classname="test.TestClass1" name="testC" time="0.0">
    <skipped/>
  </testcase> <!-- testC -->
  <testcase classname="test.TestClass1" name="verifyTitle" time="0.0">
    <skipped/>
  </testcase> <!-- verifyTitle -->
  <testcase classname="test.TestClass1" name="testD" time="0.0">
    <skipped/>
  </testcase> <!-- testD -->
</testsuite> <!-- TestOnChrome -->
